<?xml version="1.0" encoding="UTF-8"?>
<testsuite name="co.com.ceiba.estacionamiento.unitarias.CalendarioTest" tests="2" skipped="0" failures="0" errors="0" timestamp="2018-07-11T12:53:08" hostname="VICTOR-PUYO" time="0.001">
  <properties/>
  <testcase name="validarDiaNoHabil" classname="co.com.ceiba.estacionamiento.unitarias.CalendarioTest" time="0.0"/>
  <testcase name="validarEsDiaHabil" classname="co.com.ceiba.estacionamiento.unitarias.CalendarioTest" time="0.001"/>
  <system-out><![CDATA[]]></system-out>
  <system-err><![CDATA[]]></system-err>
</testsuite>
