<?xml version="1.0" encoding="UTF-8"?>
<testsuite name="co.com.ceiba.estacionamiento.unitarias.ParqueaderoRestApiTest" tests="3" skipped="0" failures="0" errors="0" timestamp="2018-07-11T12:53:09" hostname="VICTOR-PUYO" time="0.053">
  <properties/>
  <testcase name="consultarVehiculosParqueadero" classname="co.com.ceiba.estacionamiento.unitarias.ParqueaderoRestApiTest" time="0.031"/>
  <testcase name="ingresarVehiculoParqueadero" classname="co.com.ceiba.estacionamiento.unitarias.ParqueaderoRestApiTest" time="0.006"/>
  <testcase name="retirarVehiculoParqueadero" classname="co.com.ceiba.estacionamiento.unitarias.ParqueaderoRestApiTest" time="0.013"/>
  <system-out><![CDATA[2018-07-11 07:53:08.509  INFO 66088 --- [    Test worker] o.s.t.c.support.AbstractContextLoader    : Could not detect default resource locations for test class [co.com.ceiba.estacionamiento.unitarias.ParqueaderoRestApiTest]: no resource found for suffixes {-context.xml, Context.groovy}.
2018-07-11 07:53:08.524  INFO 66088 --- [    Test worker] .b.t.a.w.s.WebMvcTestContextBootstrapper : Loaded default TestExecutionListener class names from location [META-INF/spring.factories]: [org.springframework.boot.test.autoconfigure.restdocs.RestDocsTestExecutionListener, org.springframework.boot.test.autoconfigure.web.client.MockRestServiceServerResetTestExecutionListener, org.springframework.boot.test.autoconfigure.web.servlet.MockMvcPrintOnlyOnFailureTestExecutionListener, org.springframework.boot.test.autoconfigure.web.servlet.WebDriverTestExecutionListener, org.springframework.boot.test.mock.mockito.MockitoTestExecutionListener, org.springframework.boot.test.mock.mockito.ResetMocksTestExecutionListener, org.springframework.test.context.web.ServletTestExecutionListener, org.springframework.test.context.support.DirtiesContextBeforeModesTestExecutionListener, org.springframework.test.context.support.DependencyInjectionTestExecutionListener, org.springframework.test.context.support.DirtiesContextTestExecutionListener, org.springframework.test.context.transaction.TransactionalTestExecutionListener, org.springframework.test.context.jdbc.SqlScriptsTestExecutionListener]
2018-07-11 07:53:08.525  INFO 66088 --- [    Test worker] .b.t.a.w.s.WebMvcTestContextBootstrapper : Using TestExecutionListeners: [org.springframework.test.context.web.ServletTestExecutionListener@142a7603, org.springframework.test.context.support.DirtiesContextBeforeModesTestExecutionListener@3bd7b86c, org.springframework.boot.test.mock.mockito.MockitoTestExecutionListener@6b393faa, org.springframework.boot.test.autoconfigure.SpringBootDependencyInjectionTestExecutionListener@40b2796e, org.springframework.test.context.support.DirtiesContextTestExecutionListener@7ef9515, org.springframework.test.context.transaction.TransactionalTestExecutionListener@17d595c, org.springframework.test.context.jdbc.SqlScriptsTestExecutionListener@239be2b6, org.springframework.boot.test.autoconfigure.restdocs.RestDocsTestExecutionListener@70b186a2, org.springframework.boot.test.autoconfigure.web.client.MockRestServiceServerResetTestExecutionListener@b8de29c, org.springframework.boot.test.autoconfigure.web.servlet.MockMvcPrintOnlyOnFailureTestExecutionListener@6051fd08, org.springframework.boot.test.autoconfigure.web.servlet.WebDriverTestExecutionListener@1ca33de6, org.springframework.boot.test.mock.mockito.ResetMocksTestExecutionListener@605b3c46]

  .   ____          _            __ _ _
 /\\ / ___'_ __ _ _(_)_ __  __ _ \ \ \ \
( ( )\___ | '_ | '_| | '_ \/ _` | \ \ \ \
 \\/  ___)| |_)| | | | | || (_| |  ) ) ) )
  '  |____| .__|_| |_|_| |_\__, | / / / /
 =========|_|==============|___/=/_/_/_/
 :: Spring Boot ::        (v2.0.3.RELEASE)

2018-07-11 07:53:08.549  INFO 66088 --- [    Test worker] c.c.c.e.u.ParqueaderoRestApiTest         : Starting ParqueaderoRestApiTest on VICTOR-PUYO with PID 66088 (started by victor.puyo in D:\Workspace\estacionamiento)
2018-07-11 07:53:08.549  INFO 66088 --- [    Test worker] c.c.c.e.u.ParqueaderoRestApiTest         : The following profiles are active: production
2018-07-11 07:53:08.551  INFO 66088 --- [    Test worker] o.s.w.c.s.GenericWebApplicationContext   : Refreshing org.springframework.web.context.support.GenericWebApplicationContext@656863c6: startup date [Wed Jul 11 07:53:08 COT 2018]; root of context hierarchy
2018-07-11 07:53:09.226  INFO 66088 --- [    Test worker] o.s.w.s.handler.SimpleUrlHandlerMapping  : Mapped URL path [/**/favicon.ico] onto handler of type [class org.springframework.web.servlet.resource.ResourceHttpRequestHandler]
2018-07-11 07:53:09.310  INFO 66088 --- [    Test worker] s.w.s.m.m.a.RequestMappingHandlerAdapter : Looking for @ControllerAdvice: org.springframework.web.context.support.GenericWebApplicationContext@656863c6: startup date [Wed Jul 11 07:53:08 COT 2018]; root of context hierarchy
2018-07-11 07:53:09.325  INFO 66088 --- [    Test worker] s.w.s.m.m.a.RequestMappingHandlerMapping : Mapped "{[/parqueadero/retirarvehiculo],methods=[POST]}" onto public co.com.ceiba.estacionamiento.dominio.dto.TicketParqueaderoDTO co.com.ceiba.estacionamiento.api.ParqueaderoController.retirarvehiculo(java.lang.String)
2018-07-11 07:53:09.326  INFO 66088 --- [    Test worker] s.w.s.m.m.a.RequestMappingHandlerMapping : Mapped "{[/parqueadero/ingresarvehiculo],methods=[POST]}" onto public void co.com.ceiba.estacionamiento.api.ParqueaderoController.registrarIngreso(co.com.ceiba.estacionamiento.dominio.dto.VehiculoDTO)
2018-07-11 07:53:09.327  INFO 66088 --- [    Test worker] s.w.s.m.m.a.RequestMappingHandlerMapping : Mapped "{[/parqueadero/listadovehiculos],methods=[GET]}" onto public java.util.Map<java.lang.String, java.lang.Object> co.com.ceiba.estacionamiento.api.ParqueaderoController.listarTodosLosTicketsParqueadero(int,int,java.lang.String,java.lang.String)
2018-07-11 07:53:09.328  INFO 66088 --- [    Test worker] s.w.s.m.m.a.RequestMappingHandlerMapping : Mapped "{[/error]}" onto public org.springframework.http.ResponseEntity<java.util.Map<java.lang.String, java.lang.Object>> org.springframework.boot.autoconfigure.web.servlet.error.BasicErrorController.error(javax.servlet.http.HttpServletRequest)
2018-07-11 07:53:09.328  INFO 66088 --- [    Test worker] s.w.s.m.m.a.RequestMappingHandlerMapping : Mapped "{[/error],produces=[text/html]}" onto public org.springframework.web.servlet.ModelAndView org.springframework.boot.autoconfigure.web.servlet.error.BasicErrorController.errorHtml(javax.servlet.http.HttpServletRequest,javax.servlet.http.HttpServletResponse)
2018-07-11 07:53:09.341  INFO 66088 --- [    Test worker] o.s.w.s.handler.SimpleUrlHandlerMapping  : Mapped URL path [/webjars/**] onto handler of type [class org.springframework.web.servlet.resource.ResourceHttpRequestHandler]
2018-07-11 07:53:09.342  INFO 66088 --- [    Test worker] o.s.w.s.handler.SimpleUrlHandlerMapping  : Mapped URL path [/**] onto handler of type [class org.springframework.web.servlet.resource.ResourceHttpRequestHandler]
2018-07-11 07:53:09.349  INFO 66088 --- [    Test worker] .m.m.a.ExceptionHandlerExceptionResolver : Detected @ExceptionHandler methods in restExceptionHandler
2018-07-11 07:53:09.364  INFO 66088 --- [    Test worker] o.s.b.a.w.s.WelcomePageHandlerMapping    : Adding welcome page: class path resource [static/index.html]
2018-07-11 07:53:09.397  INFO 66088 --- [    Test worker] o.s.b.t.m.w.SpringBootMockServletContext : Initializing Spring FrameworkServlet ''
2018-07-11 07:53:09.397  INFO 66088 --- [    Test worker] o.s.t.web.servlet.TestDispatcherServlet  : FrameworkServlet '': initialization started
2018-07-11 07:53:09.405  INFO 66088 --- [    Test worker] o.s.t.web.servlet.TestDispatcherServlet  : FrameworkServlet '': initialization completed in 7 ms
2018-07-11 07:53:09.414  INFO 66088 --- [    Test worker] c.c.c.e.u.ParqueaderoRestApiTest         : Started ParqueaderoRestApiTest in 0.887 seconds (JVM running for 11.59)
]]></system-out>
  <system-err><![CDATA[]]></system-err>
</testsuite>
